[    7189ms] [ERROR] Failed to load resource: the server responded with a status of 500 (Internal Server Error) @ http://localhost:3000/:0
[    7387ms] [INFO] %cDownload the React DevTools for a better development experience: https://reactjs.org/link/react-devtools font-weight:bold @ webpack-internal:///./node_modules/react-dom/cjs/react-dom.development.js:29889
[    7408ms] ModuleBuildError: Module build failed (from ./node_modules/next/dist/build/webpack/loaders/postcss-loader/src/index.js):
SyntaxError: Unexpected token, expected "," (20:17)
    at unexpected (/Users/mguffin/Projects/all-togetharr/node_modules/sucrase/dist/parser/traverser/util.js:99:15)
    at expect (/Users/mguffin/Projects/all-togetharr/node_modules/sucrase/dist/parser/traverser/util.js:86:5)
    at parseObj (/Users/mguffin/Projects/all-togetharr/node_modules/sucrase/dist/parser/traverser/expression.js:759:20)
    at parseExprAtom (/Users/mguffin/Projects/all-togetharr/node_modules/sucrase/dist/parser/traverser/expression.js:553:7)
    at parseExprSubscripts (/Users/mguffin/Projects/all-togetharr/node_modules/sucrase/dist/parser/traverser/expression.js:276:20)
    at parseMaybeUnary (/Users/mguffin/Projects/all-togetharr/node_modules/sucrase/dist/parser/traverser/expression.js:257:20)
    at parseExprOps (/Users/mguffin/Projects/all-togetharr/node_modules/sucrase/dist/parser/traverser/expression.js:185:20)
    at parseMaybeConditional (/Users/mguffin/Projects/all-togetharr/node_modules/sucrase/dist/parser/traverser/expression.js:157:20)
    at baseParseMaybeAssign (/Users/mguffin/Projects/all-togetharr/node_modules/sucrase/dist/parser/traverser/expression.js:142:20)
    at tsParseMaybeAssignWithoutJSX (/Users/mguffin/Projects/all-togetharr/node_modules/sucrase/dist/parser/plugins/typescript.js:1580:45)
    at tsParseMaybeAssign (/Users/mguffin/Projects/all-togetharr/node_modules/sucrase/dist/parser/plugins/typescript.js:1548:12)
    at parseMaybeAssign (/Users/mguffin/Projects/all-togetharr/node_modules/sucrase/dist/parser/traverser/expression.js:121:43)
    at parseObjectProperty (/Users/mguffin/Projects/all-togetharr/node_modules/sucrase/dist/parser/traverser/expression.js:851:7)
    at parseObjPropValue (/Users/mguffin/Projects/all-togetharr/node_modules/sucrase/dist/parser/traverser/expression.js:892:5)
    at parseObj (/Users/mguffin/Projects/all-togetharr/node_modules/sucrase/dist/parser/traverser/expression.js:808:5)
    at parseExprAtom (/Users/mguffin/Projects/all-togetharr/node_modules/sucrase/dist/parser/traverser/expression.js:553:7)
    at parseExprSubscripts (/Users/mguffin/Projects/all-togetharr/node_modules/sucrase/dist/parser/traverser/expression.js:276:20)
    at parseMaybeUnary (/Users/mguffin/Projects/all-togetharr/node_modules/sucrase/dist/parser/traverser/expression.js:257:20)
    at parseExprOps (/Users/mguffin/Projects/all-togetharr/node_modules/sucrase/dist/parser/traverser/expression.js:185:20)
    at parseMaybeConditional (/Users/mguffin/Projects/all-togetharr/node_modules/sucrase/dist/parser/traverser/expression.js:157:20)
    at baseParseMaybeAssign (/Users/mguffin/Projects/all-togetharr/node_modules/sucrase/dist/parser/traverser/expression.js:142:20)
    at tsParseMaybeAssignWithoutJSX (/Users/mguffin/Projects/all-togetharr/node_modules/sucrase/dist/parser/plugins/typescript.js:1580:45)
    at tsParseMaybeAssign (/Users/mguffin/Projects/all-togetharr/node_modules/sucrase/dist/parser/plugins/typescript.js:1548:12)
    at parseMaybeAssign (/Users/mguffin/Projects/all-togetharr/node_modules/sucrase/dist/parser/traverser/expression.js:121:43)
    at parseObjectProperty (/Users/mguffin/Projects/all-togetharr/node_modules/sucrase/dist/parser/traverser/expression.js:851:7)
    at parseObjPropValue (/Users/mguffin/Projects/all-togetharr/node_modules/sucrase/dist/parser/traverser/expression.js:892:5)
    at parseObj (/Users/mguffin/Projects/all-togetharr/node_modules/sucrase/dist/parser/traverser/expression.js:808:5)
    at parseExprAtom (/Users/mguffin/Projects/all-togetharr/node_modules/sucrase/dist/parser/traverser/expression.js:553:7)
    at parseExprSubscripts (/Users/mguffin/Projects/all-togetharr/node_modules/sucrase/dist/parser/traverser/expression.js:276:20)
    at parseMaybeUnary (/Users/mguffin/Projects/all-togetharr/node_modules/sucrase/dist/parser/traverser/expression.js:257:20)
    at parseExprOps (/Users/mguffin/Projects/all-togetharr/node_modules/sucrase/dist/parser/traverser/expression.js:185:20)
    at parseMaybeConditional (/Users/mguffin/Projects/all-togetharr/node_modules/sucrase/dist/parser/traverser/expression.js:157:20)
    at baseParseMaybeAssign (/Users/mguffin/Projects/all-togetharr/node_modules/sucrase/dist/parser/traverser/expression.js:142:20)
    at tsParseMaybeAssignWithoutJSX (/Users/mguffin/Projects/all-togetharr/node_modules/sucrase/dist/parser/plugins/typescript.js:1580:45)
    at tsParseMaybeAssign (/Users/mguffin/Projects/all-togetharr/node_modules/sucrase/dist/parser/plugins/typescript.js:1548:12)
    at parseMaybeAssign (/Users/mguffin/Projects/all-togetharr/node_modules/sucrase/dist/parser/traverser/expression.js:121:43)
    at parseObjectProperty (/Users/mguffin/Projects/all-togetharr/node_modules/sucrase/dist/parser/traverser/expression.js:851:7)
    at parseObjPropValue (/Users/mguffin/Projects/all-togetharr/node_modules/sucrase/dist/parser/traverser/expression.js:892:5)
    at parseObj (/Users/mguffin/Projects/all-togetharr/node_modules/sucrase/dist/parser/traverser/expression.js:808:5)
    at parseExprAtom (/Users/mguffin/Projects/all-togetharr/node_modules/sucrase/dist/parser/traverser/expression.js:553:7)
    at parseExprSubscripts (/Users/mguffin/Projects/all-togetharr/node_modules/sucrase/dist/parser/traverser/expression.js:276:20)
    at parseMaybeUnary (/Users/mguffin/Projects/all-togetharr/node_modules/sucrase/dist/parser/traverser/expression.js:257:20)
    at parseExprOps (/Users/mguffin/Projects/all-togetharr/node_modules/sucrase/dist/parser/traverser/expression.js:185:20)
    at parseMaybeConditional (/Users/mguffin/Projects/all-togetharr/node_modules/sucrase/dist/parser/traverser/expression.js:157:20)
    at baseParseMaybeAssign (/Users/mguffin/Projects/all-togetharr/node_modules/sucrase/dist/parser/traverser/expression.js:142:20)
    at tsParseMaybeAssignWithoutJSX (/Users/mguffin/Projects/all-togetharr/node_modules/sucrase/dist/parser/plugins/typescript.js:1580:45)
    at tsParseMaybeAssign (/Users/mguffin/Projects/all-togetharr/node_modules/sucrase/dist/parser/plugins/typescript.js:1548:12)
    at parseMaybeAssign (/Users/mguffin/Projects/all-togetharr/node_modules/sucrase/dist/parser/traverser/expression.js:121:43)
    at parseVar (/Users/mguffin/Projects/all-togetharr/node_modules/sucrase/dist/parser/traverser/statement.js:628:36)
    at parseVarStatement (/Users/mguffin/Projects/all-togetharr/node_modules/sucrase/dist/parser/traverser/statement.js:535:3)
    at unexpected (/Users/mguffin/Projects/all-togetharr/node_modules/sucrase/dist/parser/traverser/util.js:99:15)
    at expect (/Users/mguffin/Projects/all-togetharr/node_modules/sucrase/dist/parser/traverser/util.js:86:5)
    at parseObj (/Users/mguffin/Projects/all-togetharr/node_modules/sucrase/dist/parser/traverser/expression.js:759:20)
    at parseExprAtom (/Users/mguffin/Projects/all-togetharr/node_modules/sucrase/dist/parser/traverser/expression.js:553:7)
    at parseExprSubscripts (/Users/mguffin/Projects/all-togetharr/node_modules/sucrase/dist/parser/traverser/expression.js:276:20)
    at parseMaybeUnary (/Users/mguffin/Projects/all-togetharr/node_modules/sucrase/dist/parser/traverser/expression.js:257:20)
    at parseExprOps (/Users/mguffin/Projects/all-togetharr/node_modules/sucrase/dist/parser/traverser/expression.js:185:20)
    at parseMaybeConditional (/Users/mguffin/Projects/all-togetharr/node_modules/sucrase/dist/parser/traverser/expression.js:157:20)
    at baseParseMaybeAssign (/Users/mguffin/Projects/all-togetharr/node_modules/sucrase/dist/parser/traverser/expression.js:142:20)
    at tsParseMaybeAssignWithoutJSX (/Users/mguffin/Projects/all-togetharr/node_modules/sucrase/dist/parser/plugins/typescript.js:1580:45)
    at tsParseMaybeAssign (/Users/mguffin/Projects/all-togetharr/node_modules/sucrase/dist/parser/plugins/typescript.js:1548:12)
    at parseMaybeAssign (/Users/mguffin/Projects/all-togetharr/node_modules/sucrase/dist/parser/traverser/expression.js:121:43)
    at parseObjectProperty (/Users/mguffin/Projects/all-togetharr/node_modules/sucrase/dist/parser/traverser/expression.js:851:7)
    at parseObjPropValue (/Users/mguffin/Projects/all-togetharr/node_modules/sucrase/dist/parser/traverser/expression.js:892:5)
    at parseObj (/Users/mguffin/Projects/all-togetharr/node_modules/sucrase/dist/parser/traverser/expression.js:808:5)
    at parseExprAtom (/Users/mguffin/Projects/all-togetharr/node_modules/sucrase/dist/parser/traverser/expression.js:553:7)
    at parseExprSubscripts (/Users/mguffin/Projects/all-togetharr/node_modules/sucrase/dist/parser/traverser/expression.js:276:20)
    at parseMaybeUnary (/Users/mguffin/Projects/all-togetharr/node_modules/sucrase/dist/parser/traverser/expression.js:257:20)
    at parseExprOps (/Users/mguffin/Projects/all-togetharr/node_modules/sucrase/dist/parser/traverser/expression.js:185:20)
    at parseMaybeConditional (/Users/mguffin/Projects/all-togetharr/node_modules/sucrase/dist/parser/traverser/expression.js:157:20)
    at baseParseMaybeAssign (/Users/mguffin/Projects/all-togetharr/node_modules/sucrase/dist/parser/traverser/expression.js:142:20)
    at tsParseMaybeAssignWithoutJSX (/Users/mguffin/Projects/all-togetharr/node_modules/sucrase/dist/parser/plugins/typescript.js:1580:45)
    at tsParseMaybeAssign (/Users/mguffin/Projects/all-togetharr/node_modules/sucrase/dist/parser/plugins/typescript.js:1548:12)
    at parseMaybeAssign (/Users/mguffin/Projects/all-togetharr/node_modules/sucrase/dist/parser/traverser/expression.js:121:43)
    at parseObjectProperty (/Users/mguffin/Projects/all-togetharr/node_modules/sucrase/dist/parser/traverser/expression.js:851:7)
    at parseObjPropValue (/Users/mguffin/Projects/all-togetharr/node_modules/sucrase/dist/parser/traverser/expression.js:892:5)
    at parseObj (/Users/mguffin/Projects/all-togetharr/node_modules/sucrase/dist/parser/traverser/expression.js:808:5)
    at parseExprAtom (/Users/mguffin/Projects/all-togetharr/node_modules/sucrase/dist/parser/traverser/expression.js:553:7)
    at parseExprSubscripts (/Users/mguffin/Projects/all-togetharr/node_modules/sucrase/dist/parser/traverser/expression.js:276:20)
    at parseMaybeUnary (/Users/mguffin/Projects/all-togetharr/node_modules/sucrase/dist/parser/traverser/expression.js:257:20)
    at parseExprOps (/Users/mguffin/Projects/all-togetharr/node_modules/sucrase/dist/parser/traverser/expression.js:185:20)
    at parseMaybeConditional (/Users/mguffin/Projects/all-togetharr/node_modules/sucrase/dist/parser/traverser/expression.js:157:20)
    at baseParseMaybeAssign (/Users/mguffin/Projects/all-togetharr/node_modules/sucrase/dist/parser/traverser/expression.js:142:20)
    at tsParseMaybeAssignWithoutJSX (/Users/mguffin/Projects/all-togetharr/node_modules/sucrase/dist/parser/plugins/typescript.js:1580:45)
    at tsParseMaybeAssign (/Users/mguffin/Projects/all-togetharr/node_modules/sucrase/dist/parser/plugins/typescript.js:1548:12)
    at parseMaybeAssign (/Users/mguffin/Projects/all-togetharr/node_modules/sucrase/dist/parser/traverser/expression.js:121:43)
    at parseObjectProperty (/Users/mguffin/Projects/all-togetharr/node_modules/sucrase/dist/parser/traverser/expression.js:851:7)
    at parseObjPropValue (/Users/mguffin/Projects/all-togetharr/node_modules/sucrase/dist/parser/traverser/expression.js:892:5)
    at parseObj (/Users/mguffin/Projects/all-togetharr/node_modules/sucrase/dist/parser/traverser/expression.js:808:5)
    at parseExprAtom (/Users/mguffin/Projects/all-togetharr/node_modules/sucrase/dist/parser/traverser/expression.js:553:7)
    at parseExprSubscripts (/Users/mguffin/Projects/all-togetharr/node_modules/sucrase/dist/parser/traverser/expression.js:276:20)
    at parseMaybeUnary (/Users/mguffin/Projects/all-togetharr/node_modules/sucrase/dist/parser/traverser/expression.js:257:20)
    at parseExprOps (/Users/mguffin/Projects/all-togetharr/node_modules/sucrase/dist/parser/traverser/expression.js:185:20)
    at parseMaybeConditional (/Users/mguffin/Projects/all-togetharr/node_modules/sucrase/dist/parser/traverser/expression.js:157:20)
    at baseParseMaybeAssign (/Users/mguffin/Projects/all-togetharr/node_modules/sucrase/dist/parser/traverser/expression.js:142:20)
    at tsParseMaybeAssignWithoutJSX (/Users/mguffin/Projects/all-togetharr/node_modules/sucrase/dist/parser/plugins/typescript.js:1580:45)
    at tsParseMaybeAssign (/Users/mguffin/Projects/all-togetharr/node_modules/sucrase/dist/parser/plugins/typescript.js:1548:12)
    at parseMaybeAssign (/Users/mguffin/Projects/all-togetharr/node_modules/sucrase/dist/parser/traverser/expression.js:121:43)
    at parseVar (/Users/mguffin/Projects/all-togetharr/node_modules/sucrase/dist/parser/traverser/statement.js:628:36)
    at parseVarStatement (/Users/mguffin/Projects/all-togetharr/node_modules/sucrase/dist/parser/traverser/statement.js:535:3)
    at unexpected (file:///Users/mguffin/Projects/all-togetharr/node_modules/sucrase/dist/parser/traverser/util.js:99:15)
    at expect (file:///Users/mguffin/Projects/all-togetharr/node_modules/sucrase/dist/parser/traverser/util.js:86:5)
    at parseObj (file:///Users/mguffin/Projects/all-togetharr/node_modules/sucrase/dist/parser/traverser/expression.js:759:20)
    at parseExprAtom (file:///Users/mguffin/Projects/all-togetharr/node_modules/sucrase/dist/parser/traverser/expression.js:553:7)
    at parseExprSubscripts (file:///Users/mguffin/Projects/all-togetharr/node_modules/sucrase/dist/parser/traverser/expression.js:276:20)
    at parseMaybeUnary (file:///Users/mguffin/Projects/all-togetharr/node_modules/sucrase/dist/parser/traverser/expression.js:257:20)
    at parseExprOps (file:///Users/mguffin/Projects/all-togetharr/node_modules/sucrase/dist/parser/traverser/expression.js:185:20)
    at parseMaybeConditional (file:///Users/mguffin/Projects/all-togetharr/node_modules/sucrase/dist/parser/traverser/expression.js:157:20)
    at baseParseMaybeAssign (file:///Users/mguffin/Projects/all-togetharr/node_modules/sucrase/dist/parser/traverser/expression.js:142:20)
    at tsParseMaybeAssignWithoutJSX (file:///Users/mguffin/Projects/all-togetharr/node_modules/sucrase/dist/parser/plugins/typescript.js:1580:45)
    at tsParseMaybeAssign (file:///Users/mguffin/Projects/all-togetharr/node_modules/sucrase/dist/parser/plugins/typescript.js:1548:12)
    at parseMaybeAssign (file:///Users/mguffin/Projects/all-togetharr/node_modules/sucrase/dist/parser/traverser/expression.js:121:43)
    at parseObjectProperty (file:///Users/mguffin/Projects/all-togetharr/node_modules/sucrase/dist/parser/traverser/expression.js:851:7)
    at parseObjPropValue (file:///Users/mguffin/Projects/all-togetharr/node_modules/sucrase/dist/parser/traverser/expression.js:892:5)
    at parseObj (file:///Users/mguffin/Projects/all-togetharr/node_modules/sucrase/dist/parser/traverser/expression.js:808:5)
    at parseExprAtom (file:///Users/mguffin/Projects/all-togetharr/node_modules/sucrase/dist/parser/traverser/expression.js:553:7)
    at parseExprSubscripts (file:///Users/mguffin/Projects/all-togetharr/node_modules/sucrase/dist/parser/traverser/expression.js:276:20)
    at parseMaybeUnary (file:///Users/mguffin/Projects/all-togetharr/node_modules/sucrase/dist/parser/traverser/expression.js:257:20)
    at parseExprOps (file:///Users/mguffin/Projects/all-togetharr/node_modules/sucrase/dist/parser/traverser/expression.js:185:20)
    at parseMaybeConditional (file:///Users/mguffin/Projects/all-togetharr/node_modules/sucrase/dist/parser/traverser/expression.js:157:20)
    at baseParseMaybeAssign (file:///Users/mguffin/Projects/all-togetharr/node_modules/sucrase/dist/parser/traverser/expression.js:142:20)
    at tsParseMaybeAssignWithoutJSX (file:///Users/mguffin/Projects/all-togetharr/node_modules/sucrase/dist/parser/plugins/typescript.js:1580:45)
    at tsParseMaybeAssign (file:///Users/mguffin/Projects/all-togetharr/node_modules/sucrase/dist/parser/plugins/typescript.js:1548:12)
    at parseMaybeAssign (file:///Users/mguffin/Projects/all-togetharr/node_modules/sucrase/dist/parser/traverser/expression.js:121:43)
    at parseObjectProperty (file:///Users/mguffin/Projects/all-togetharr/node_modules/sucrase/dist/parser/traverser/expression.js:851:7)
    at parseObjPropValue (file:///Users/mguffin/Projects/all-togetharr/node_modules/sucrase/dist/parser/traverser/expression.js:892:5)
    at parseObj (file:///Users/mguffin/Projects/all-togetharr/node_modules/sucrase/dist/parser/traverser/expression.js:808:5)
    at parseExprAtom (file:///Users/mguffin/Projects/all-togetharr/node_modules/sucrase/dist/parser/traverser/expression.js:553:7)
    at parseExprSubscripts (file:///Users/mguffin/Projects/all-togetharr/node_modules/sucrase/dist/parser/traverser/expression.js:276:20)
    at parseMaybeUnary (file:///Users/mguffin/Projects/all-togetharr/node_modules/sucrase/dist/parser/traverser/expression.js:257:20)
    at parseExprOps (file:///Users/mguffin/Projects/all-togetharr/node_modules/sucrase/dist/parser/traverser/expression.js:185:20)
    at parseMaybeConditional (file:///Users/mguffin/Projects/all-togetharr/node_modules/sucrase/dist/parser/traverser/expression.js:157:20)
    at baseParseMaybeAssign (file:///Users/mguffin/Projects/all-togetharr/node_modules/sucrase/dist/parser/traverser/expression.js:142:20)
    at tsParseMaybeAssignWithoutJSX (file:///Users/mguffin/Projects/all-togetharr/node_modules/sucrase/dist/parser/plugins/typescript.js:1580:45)
    at tsParseMaybeAssign (file:///Users/mguffin/Projects/all-togetharr/node_modules/sucrase/dist/parser/plugins/typescript.js:1548:12)
    at parseMaybeAssign (file:///Users/mguffin/Projects/all-togetharr/node_modules/sucrase/dist/parser/traverser/expression.js:121:43)
    at parseObjectProperty (file:///Users/mguffin/Projects/all-togetharr/node_modules/sucrase/dist/parser/traverser/expression.js:851:7)
    at parseObjPropValue (file:///Users/mguffin/Projects/all-togetharr/node_modules/sucrase/dist/parser/traverser/expression.js:892:5)
    at parseObj (file:///Users/mguffin/Projects/all-togetharr/node_modules/sucrase/dist/parser/traverser/expression.js:808:5)
    at parseExprAtom (file:///Users/mguffin/Projects/all-togetharr/node_modules/sucrase/dist/parser/traverser/expression.js:553:7)
    at parseExprSubscripts (file:///Users/mguffin/Projects/all-togetharr/node_modules/sucrase/dist/parser/traverser/expression.js:276:20)
    at parseMaybeUnary (file:///Users/mguffin/Projects/all-togetharr/node_modules/sucrase/dist/parser/traverser/expression.js:257:20)
    at parseExprOps (file:///Users/mguffin/Projects/all-togetharr/node_modules/sucrase/dist/parser/traverser/expression.js:185:20)
    at parseMaybeConditional (file:///Users/mguffin/Projects/all-togetharr/node_modules/sucrase/dist/parser/traverser/expression.js:157:20)
    at baseParseMaybeAssign (file:///Users/mguffin/Projects/all-togetharr/node_modules/sucrase/dist/parser/traverser/expression.js:142:20)
    at tsParseMaybeAssignWithoutJSX (file:///Users/mguffin/Projects/all-togetharr/node_modules/sucrase/dist/parser/plugins/typescript.js:1580:45)
    at tsParseMaybeAssign (file:///Users/mguffin/Projects/all-togetharr/node_modules/sucrase/dist/parser/plugins/typescript.js:1548:12)
    at parseMaybeAssign (file:///Users/mguffin/Projects/all-togetharr/node_modules/sucrase/dist/parser/traverser/expression.js:121:43)
    at parseVar (file:///Users/mguffin/Projects/all-togetharr/node_modules/sucrase/dist/parser/traverser/statement.js:628:36)
    at parseVarStatement (file:///Users/mguffin/Projects/all-togetharr/node_modules/sucrase/dist/parser/traverser/statement.js:535:3)
    at processResult (file:///Users/mguffin/Projects/all-togetharr/node_modules/next/dist/compiled/webpack/bundle5.js:28:400590)
    at <unknown> (file:///Users/mguffin/Projects/all-togetharr/node_modules/next/dist/compiled/webpack/bundle5.js:28:402302)
    at <unknown> (file:///Users/mguffin/Projects/all-togetharr/node_modules/next/dist/compiled/loader-runner/LoaderRunner.js:1:8645)
    at <unknown> (file:///Users/mguffin/Projects/all-togetharr/node_modules/next/dist/compiled/loader-runner/LoaderRunner.js:1:5828)
    at r.callback (file:///Users/mguffin/Projects/all-togetharr/node_modules/next/dist/compiled/loader-runner/LoaderRunner.js:1:4039)
    at <unknown> (file:///Users/mguffin/Projects/all-togetharr/node_modules/next/dist/build/webpack/loaders/postcss-loader/src/index.js:113:37)
    at process.processTicksAndRejections (node:internal/process/task_queues:104:5)
[    7408ms] [LOG] [HMR] connected @ webpack-internal:///./node_modules/next/dist/client/components/react-dev-overlay/pages/websocket.js:38
[    7410ms] [ERROR] ./src/app/globals.css.webpack[javascript/auto]!=!./node_modules/next/dist/build/webpack/loaders/css-loader/src/index.js??ruleSet[1].rules[14].oneOf[12].use[2]!./node_modules/next/dist/build/webpack/loaders/postcss-loader/src/index.js??ruleSet[1].rules[14].oneOf[12].use[3]!./src/app/globals.css
SyntaxError: Unexpected token, expected "," (20:17) @ webpack-internal:///./node_modules/next/dist/client/components/react-dev-overlay/internal/helpers/hydration-error-info.js:62
[    7410ms] [ERROR] ./src/app/globals.css
SyntaxError: Unexpected token, expected "," (20:17)
-- inner error --
SyntaxError: Unexpected token, expected "," (20:17)
Generated code for /Users/mguffin/Projects/all-togetharr/node_modules/next/dist/build/webpack/loaders/css-loader/src/index.js??ruleSet[1].rules[14].oneOf[12].use[2]!/Users/mguffin/Projects/all-togetharr/node_modules/next/dist/build/webpack/loaders/postcss-loader/src/index.js??ruleSet[1].rules[14].oneOf[12].use[3]!/Users/mguffin/Projects/all-togetharr/src/app/globals.css @ webpack-internal:///./node_modules/next/dist/client/components/react-dev-overlay/internal/helpers/hydration-error-info.js:62
[    7413ms] [ERROR] Failed to load resource: the server responded with a status of 404 (Not Found) @ http://localhost:3000/favicon.ico:0
[   34983ms] [ERROR] WebSocket connection to 'ws://localhost:3000/_next/webpack-hmr' failed: Error in connection establishment: net::ERR_CONNECTION_REFUSED @ webpack-internal:///./node_modules/next/dist/client/components/react-dev-overlay/pages/websocket.js:63
[   35985ms] [ERROR] WebSocket connection to 'ws://localhost:3000/_next/webpack-hmr' failed: Error in connection establishment: net::ERR_CONNECTION_REFUSED @ webpack-internal:///./node_modules/next/dist/client/components/react-dev-overlay/pages/websocket.js:63
[   36987ms] [ERROR] WebSocket connection to 'ws://localhost:3000/_next/webpack-hmr' failed: Error in connection establishment: net::ERR_CONNECTION_REFUSED @ webpack-internal:///./node_modules/next/dist/client/components/react-dev-overlay/pages/websocket.js:63
[   37989ms] [ERROR] WebSocket connection to 'ws://localhost:3000/_next/webpack-hmr' failed: Error in connection establishment: net::ERR_CONNECTION_REFUSED @ webpack-internal:///./node_modules/next/dist/client/components/react-dev-overlay/pages/websocket.js:63
[   38992ms] [ERROR] WebSocket connection to 'ws://localhost:3000/_next/webpack-hmr' failed: Error in connection establishment: net::ERR_CONNECTION_REFUSED @ webpack-internal:///./node_modules/next/dist/client/components/react-dev-overlay/pages/websocket.js:63
[   43994ms] [ERROR] WebSocket connection to 'ws://localhost:3000/_next/webpack-hmr' failed: Error in connection establishment: net::ERR_CONNECTION_REFUSED @ webpack-internal:///./node_modules/next/dist/client/components/react-dev-overlay/pages/websocket.js:63
[   48995ms] [ERROR] WebSocket connection to 'ws://localhost:3000/_next/webpack-hmr' failed: Error in connection establishment: net::ERR_CONNECTION_REFUSED @ webpack-internal:///./node_modules/next/dist/client/components/react-dev-overlay/pages/websocket.js:63
[   53998ms] [ERROR] WebSocket connection to 'ws://localhost:3000/_next/webpack-hmr' failed: Error in connection establishment: net::ERR_CONNECTION_REFUSED @ webpack-internal:///./node_modules/next/dist/client/components/react-dev-overlay/pages/websocket.js:63
[   59002ms] [ERROR] WebSocket connection to 'ws://localhost:3000/_next/webpack-hmr' failed: Error in connection establishment: net::ERR_CONNECTION_REFUSED @ webpack-internal:///./node_modules/next/dist/client/components/react-dev-overlay/pages/websocket.js:63
[   64005ms] [ERROR] WebSocket connection to 'ws://localhost:3000/_next/webpack-hmr' failed: Error in connection establishment: net::ERR_CONNECTION_REFUSED @ webpack-internal:///./node_modules/next/dist/client/components/react-dev-overlay/pages/websocket.js:63
[   69008ms] [ERROR] WebSocket connection to 'ws://localhost:3000/_next/webpack-hmr' failed: Error in connection establishment: net::ERR_CONNECTION_REFUSED @ webpack-internal:///./node_modules/next/dist/client/components/react-dev-overlay/pages/websocket.js:63
[   74015ms] [ERROR] WebSocket connection to 'ws://localhost:3000/_next/webpack-hmr' failed: Error in connection establishment: net::ERR_CONNECTION_REFUSED @ webpack-internal:///./node_modules/next/dist/client/components/react-dev-overlay/pages/websocket.js:63
[   79025ms] [ERROR] WebSocket connection to 'ws://localhost:3000/_next/webpack-hmr' failed: Error in connection establishment: net::ERR_CONNECTION_REFUSED @ webpack-internal:///./node_modules/next/dist/client/components/react-dev-overlay/pages/websocket.js:63
[   84030ms] [ERROR] WebSocket connection to 'ws://localhost:3000/_next/webpack-hmr' failed: Error in connection establishment: net::ERR_CONNECTION_REFUSED @ webpack-internal:///./node_modules/next/dist/client/components/react-dev-overlay/pages/websocket.js:63
[   89043ms] [ERROR] WebSocket connection to 'ws://localhost:3000/_next/webpack-hmr' failed: Error in connection establishment: net::ERR_CONNECTION_REFUSED @ webpack-internal:///./node_modules/next/dist/client/components/react-dev-overlay/pages/websocket.js:63
[   94055ms] [ERROR] WebSocket connection to 'ws://localhost:3000/_next/webpack-hmr' failed: Error in connection establishment: net::ERR_CONNECTION_REFUSED @ webpack-internal:///./node_modules/next/dist/client/components/react-dev-overlay/pages/websocket.js:63
[   99076ms] [ERROR] WebSocket connection to 'ws://localhost:3000/_next/webpack-hmr' failed: Error in connection establishment: net::ERR_CONNECTION_REFUSED @ webpack-internal:///./node_modules/next/dist/client/components/react-dev-overlay/pages/websocket.js:63
[  104101ms] [ERROR] WebSocket connection to 'ws://localhost:3000/_next/webpack-hmr' failed: Error in connection establishment: net::ERR_CONNECTION_REFUSED @ webpack-internal:///./node_modules/next/dist/client/components/react-dev-overlay/pages/websocket.js:63
[  109138ms] [ERROR] WebSocket connection to 'ws://localhost:3000/_next/webpack-hmr' failed: Error in connection establishment: net::ERR_CONNECTION_REFUSED @ webpack-internal:///./node_modules/next/dist/client/components/react-dev-overlay/pages/websocket.js:63
[  114210ms] [ERROR] WebSocket connection to 'ws://localhost:3000/_next/webpack-hmr' failed: Error in connection establishment: net::ERR_CONNECTION_REFUSED @ webpack-internal:///./node_modules/next/dist/client/components/react-dev-overlay/pages/websocket.js:63
[  119322ms] [ERROR] WebSocket connection to 'ws://localhost:3000/_next/webpack-hmr' failed: Error in connection establishment: net::ERR_CONNECTION_REFUSED @ webpack-internal:///./node_modules/next/dist/client/components/react-dev-overlay/pages/websocket.js:63
[  124469ms] [ERROR] WebSocket connection to 'ws://localhost:3000/_next/webpack-hmr' failed: Error in connection establishment: net::ERR_CONNECTION_REFUSED @ webpack-internal:///./node_modules/next/dist/client/components/react-dev-overlay/pages/websocket.js:63
[  129616ms] [ERROR] WebSocket connection to 'ws://localhost:3000/_next/webpack-hmr' failed: Error in connection establishment: net::ERR_CONNECTION_REFUSED @ webpack-internal:///./node_modules/next/dist/client/components/react-dev-overlay/pages/websocket.js:63
[  134890ms] [ERROR] WebSocket connection to 'ws://localhost:3000/_next/webpack-hmr' failed: Error in connection establishment: net::ERR_CONNECTION_REFUSED @ webpack-internal:///./node_modules/next/dist/client/components/react-dev-overlay/pages/websocket.js:63
[  140048ms] [ERROR] WebSocket connection to 'ws://localhost:3000/_next/webpack-hmr' failed: Error in connection establishment: net::ERR_CONNECTION_REFUSED @ webpack-internal:///./node_modules/next/dist/client/components/react-dev-overlay/pages/websocket.js:63
